<?xml version="1.0" encoding="UTF-8"?>
<!-- Generated by org.testng.reporters.JUnitXMLReporter -->
<testsuite hostname="DESKTOP-5N4OCH5" ignored="0" name="Surefire test" tests="13" failures="0" timestamp="03 Jan 2020 07:07:44 GMT" time="194.798" errors="0">
  <testcase name="createNewContactTest" time="1.902" classname="com.crm.qa.testcases.ContactsPageTest"/>
  <testcase name="createNewContactTest" time="2.148" classname="com.crm.qa.testcases.ContactsPageTest"/>
  <testcase name="createNewContactTest" time="2.072" classname="com.crm.qa.testcases.ContactsPageTest"/>
  <testcase name="createNewContactTest" time="2.083" classname="com.crm.qa.testcases.ContactsPageTest"/>
  <testcase name="validateExportButtonTest" time="0.071" classname="com.crm.qa.testcases.ContactsPageTest"/>
  <testcase name="validateNewButtonTest" time="0.07" classname="com.crm.qa.testcases.ContactsPageTest"/>
  <testcase name="validateShowFiltersButtonTest" time="0.08" classname="com.crm.qa.testcases.ContactsPageTest"/>
  <testcase name="clickOnContactsLinkTest" time="1.52" classname="com.crm.qa.testcases.HomePageTest"/>
  <testcase name="clickOnDealsLinkTest" time="1.926" classname="com.crm.qa.testcases.HomePageTest"/>
  <testcase name="userNameLabelTest" time="0.884" classname="com.crm.qa.testcases.HomePageTest"/>
  <testcase name="crmLogoImageTest" time="0.041" classname="com.crm.qa.testcases.LoginPageTest"/>
  <testcase name="loginPageTitleTest" time="0.006" classname="com.crm.qa.testcases.LoginPageTest"/>
  <testcase name="loginTest" time="1.569" classname="com.crm.qa.testcases.LoginPageTest"/>
</testsuite> <!-- Surefire test -->
