<?xml version="1.0" encoding="UTF-8"?>
<testsuite xmlns:xsi="http://www.w3.org/2001/XMLSchema-instance" xsi:noNamespaceSchemaLocation="https://maven.apache.org/surefire/maven-surefire-plugin/xsd/surefire-test-report.xsd" name="TestSuite" time="195.164" tests="13" errors="0" skipped="0" failures="0">
  <properties>
[...]
</properties>
  <testcase name="createNewContactTest" classname="com.crm.qa.testcases.ContactsPageTest" time="1.902"/>
  <testcase name="createNewContactTest" classname="com.crm.qa.testcases.ContactsPageTest" time="2.138"/>
  <testcase name="createNewContactTest" classname="com.crm.qa.testcases.ContactsPageTest" time="2.072"/>
  <testcase name="createNewContactTest" classname="com.crm.qa.testcases.ContactsPageTest" time="2.083"/>
  <testcase name="validateExportButtonTest" classname="com.crm.qa.testcases.ContactsPageTest" time="0.07"/>
  <testcase name="validateNewButtonTest" classname="com.crm.qa.testcases.ContactsPageTest" time="0.07"/>
  <testcase name="validateShowFiltersButtonTest" classname="com.crm.qa.testcases.ContactsPageTest" time="0.08"/>
  <testcase name="clickOnContactsLinkTest" classname="com.crm.qa.testcases.HomePageTest" time="1.52"/>
  <testcase name="clickOnDealsLinkTest" classname="com.crm.qa.testcases.HomePageTest" time="1.926"/>
  <testcase name="userNameLabelTest" classname="com.crm.qa.testcases.HomePageTest" time="0.884"/>
  <testcase name="crmLogoImageTest" classname="com.crm.qa.testcases.LoginPageTest" time="0.041"/>
  <testcase name="loginPageTitleTest" classname="com.crm.qa.testcases.LoginPageTest" time="0.007"/>
  <testcase name="loginTest" classname="com.crm.qa.testcases.LoginPageTest" time="1.57"/>
</testsuite>