<?xml version="1.0" encoding="UTF-8"?>
<testsuite xmlns:xsi="http://www.w3.org/2001/XMLSchema-instance" xsi:noNamespaceSchemaLocation="https://maven.apache.org/surefire/maven-surefire-plugin/xsd/surefire-test-report.xsd" name="TestSuite" time="285.357" tests="13" errors="0" skipped="0" failures="3">
  <properties>
[...]
</properties>
  <testcase name="createNewContactTest" classname="com.crm.qa.testcases.ContactsPageTest" time="3.328"/>
  <testcase name="createNewContactTest" classname="com.crm.qa.testcases.ContactsPageTest" time="2.721"/>
  <testcase name="createNewContactTest" classname="com.crm.qa.testcases.ContactsPageTest" time="2.6"/>
  <testcase name="createNewContactTest" classname="com.crm.qa.testcases.ContactsPageTest" time="35.384"/>
  <testcase name="validateExportButtonTest" classname="com.crm.qa.testcases.ContactsPageTest" time="0.096"/>
  <testcase name="validateNewButtonTest" classname="com.crm.qa.testcases.ContactsPageTest" time="0.059"/>
  <testcase name="validateShowFiltersButtonTest" classname="com.crm.qa.testcases.ContactsPageTest" time="0.067"/>
  <testcase name="clickOnContactsLinkTest" classname="com.crm.qa.testcases.HomePageTest" time="1.052">
    <failure message="expected [https://ui.freecrm.com/contacts] but found [https://ui.cogmento.com/contacts]" type="java.lang.AssertionError">java.lang.AssertionError: expected [https://ui.freecrm.com/contacts] but found [https://ui.cogmento.com/contacts]
	at com.crm.qa.testcases.HomePageTest.clickOnContactsLinkTest(HomePageTest.java:42)
</failure>
    <system-out><![CDATA[Before navigating to https://freecrm.com
Navigated to https://freecrm.com
Trying to find WebElement By.xpath: //span[contains(text(),'Log In')]
Found WebElement By.xpath: //span[contains(text(),'Log In')]
Trying to click on WebElement [[ChromeDriver: chrome on WINDOWS (7dab65fd4129a58394bcd18ba064a57b)] -> xpath: //span[contains(text(),'Log In')]]
Clicked on WebElement [[ChromeDriver: chrome on WINDOWS (7dab65fd4129a58394bcd18ba064a57b)] -> xpath: //span[contains(text(),'Log In')]]
Trying to find WebElement By.name: email
Found WebElement By.name: email
Trying to send [Ljava.lang.CharSequence;@172054c to WebElement [[ChromeDriver: chrome on WINDOWS (7dab65fd4129a58394bcd18ba064a57b)] -> name: email]
Sent[Ljava.lang.CharSequence;@172054c to WebElement [[ChromeDriver: chrome on WINDOWS (7dab65fd4129a58394bcd18ba064a57b)] -> name: email]
Trying to find WebElement By.name: password
Found WebElement By.name: password
Trying to send [Ljava.lang.CharSequence;@6e0f32 to WebElement [[ChromeDriver: chrome on WINDOWS (7dab65fd4129a58394bcd18ba064a57b)] -> name: password]
Sent[Ljava.lang.CharSequence;@6e0f32 to WebElement [[ChromeDriver: chrome on WINDOWS (7dab65fd4129a58394bcd18ba064a57b)] -> name: password]
Trying to find WebElement By.xpath: //div[contains(@class,'submit button')]
Found WebElement By.xpath: //div[contains(@class,'submit button')]
Trying to click on WebElement [[ChromeDriver: chrome on WINDOWS (7dab65fd4129a58394bcd18ba064a57b)] -> xpath: //div[contains(@class,'submit button')]]
Clicked on WebElement [[ChromeDriver: chrome on WINDOWS (7dab65fd4129a58394bcd18ba064a57b)] -> xpath: //div[contains(@class,'submit button')]]
Trying to find WebElement By.xpath: //span[contains(text(), 'Contacts')]
Found WebElement By.xpath: //span[contains(text(), 'Contacts')]
Trying to click on WebElement [[ChromeDriver: chrome on WINDOWS (7dab65fd4129a58394bcd18ba064a57b)] -> xpath: //span[contains(text(), 'Contacts')]]
Clicked on WebElement [[ChromeDriver: chrome on WINDOWS (7dab65fd4129a58394bcd18ba064a57b)] -> xpath: //span[contains(text(), 'Contacts')]]
]]></system-out>
    <system-err><![CDATA[Starting ChromeDriver 79.0.3945.36 (3582db32b33893869b8c1339e8f4d9ed1816f143-refs/branch-heads/3945@{#614}) on port 21811
Only local connections are allowed.
Please protect ports used by ChromeDriver and related test frameworks to prevent access by malicious code.
[1578705865.812][WARNING]: Timed out connecting to Chrome, retrying...
Jan 10, 2020 8:24:27 PM org.openqa.selenium.remote.ProtocolHandshake createSession
INFO: Detected dialect: W3C
[1578705869.846][WARNING]: Timed out connecting to Chrome, retrying...
]]></system-err>
  </testcase>
  <testcase name="clickOnDealsLinkTest" classname="com.crm.qa.testcases.HomePageTest" time="1.364">
    <failure message="expected [https://ui.freecrm.com/deals] but found [https://ui.cogmento.com/deals]" type="java.lang.AssertionError">java.lang.AssertionError: expected [https://ui.freecrm.com/deals] but found [https://ui.cogmento.com/deals]
	at com.crm.qa.testcases.HomePageTest.clickOnDealsLinkTest(HomePageTest.java:48)
</failure>
    <system-out><![CDATA[Before navigating to https://freecrm.com
Navigated to https://freecrm.com
Trying to find WebElement By.xpath: //span[contains(text(),'Log In')]
Found WebElement By.xpath: //span[contains(text(),'Log In')]
Trying to click on WebElement [[ChromeDriver: chrome on WINDOWS (05bd6d129bd6913f8555c033283653b5)] -> xpath: //span[contains(text(),'Log In')]]
Clicked on WebElement [[ChromeDriver: chrome on WINDOWS (05bd6d129bd6913f8555c033283653b5)] -> xpath: //span[contains(text(),'Log In')]]
Trying to find WebElement By.name: email
Found WebElement By.name: email
Trying to send [Ljava.lang.CharSequence;@808207 to WebElement [[ChromeDriver: chrome on WINDOWS (05bd6d129bd6913f8555c033283653b5)] -> name: email]
Sent[Ljava.lang.CharSequence;@808207 to WebElement [[ChromeDriver: chrome on WINDOWS (05bd6d129bd6913f8555c033283653b5)] -> name: email]
Trying to find WebElement By.name: password
Found WebElement By.name: password
Trying to send [Ljava.lang.CharSequence;@1f8def to WebElement [[ChromeDriver: chrome on WINDOWS (05bd6d129bd6913f8555c033283653b5)] -> name: password]
Sent[Ljava.lang.CharSequence;@1f8def to WebElement [[ChromeDriver: chrome on WINDOWS (05bd6d129bd6913f8555c033283653b5)] -> name: password]
Trying to find WebElement By.xpath: //div[contains(@class,'submit button')]
Found WebElement By.xpath: //div[contains(@class,'submit button')]
Trying to click on WebElement [[ChromeDriver: chrome on WINDOWS (05bd6d129bd6913f8555c033283653b5)] -> xpath: //div[contains(@class,'submit button')]]
Clicked on WebElement [[ChromeDriver: chrome on WINDOWS (05bd6d129bd6913f8555c033283653b5)] -> xpath: //div[contains(@class,'submit button')]]
Trying to find WebElement By.xpath: //span[contains(text(), 'Deals')]
Found WebElement By.xpath: //span[contains(text(), 'Deals')]
Trying to click on WebElement [[ChromeDriver: chrome on WINDOWS (05bd6d129bd6913f8555c033283653b5)] -> xpath: //span[contains(text(), 'Deals')]]
Clicked on WebElement [[ChromeDriver: chrome on WINDOWS (05bd6d129bd6913f8555c033283653b5)] -> xpath: //span[contains(text(), 'Deals')]]
]]></system-out>
    <system-err><![CDATA[Starting ChromeDriver 79.0.3945.36 (3582db32b33893869b8c1339e8f4d9ed1816f143-refs/branch-heads/3945@{#614}) on port 22532
Only local connections are allowed.
Please protect ports used by ChromeDriver and related test frameworks to prevent access by malicious code.
[1578705884.396][WARNING]: Timed out connecting to Chrome, retrying...
Jan 10, 2020 8:24:46 PM org.openqa.selenium.remote.ProtocolHandshake createSession
INFO: Detected dialect: W3C
[1578705888.452][WARNING]: Timed out connecting to Chrome, retrying...
]]></system-err>
  </testcase>
  <testcase name="userNameLabelTest" classname="com.crm.qa.testcases.HomePageTest" time="1.21"/>
  <testcase name="crmLogoImageTest" classname="com.crm.qa.testcases.LoginPageTest" time="0.071"/>
  <testcase name="loginPageTitleTest" classname="com.crm.qa.testcases.LoginPageTest" time="0.006">
    <failure message="expected [Free CRM #1 cloud software for any business large or small] but found [Cogmento CRM and Business Cloud Solutions]" type="java.lang.AssertionError">java.lang.AssertionError: expected [Free CRM #1 cloud software for any business large or small] but found [Cogmento CRM and Business Cloud Solutions]
	at com.crm.qa.testcases.LoginPageTest.loginPageTitleTest(LoginPageTest.java:41)
</failure>
    <system-out><![CDATA[2020-01-10 20:25:34 INFO  TestBase:32 - Logging Browser
Before navigating to https://freecrm.com
Navigated to https://freecrm.com
2020-01-10 20:25:46 INFO  TestBase:35 - Login to application
]]></system-out>
    <system-err><![CDATA[Starting ChromeDriver 79.0.3945.36 (3582db32b33893869b8c1339e8f4d9ed1816f143-refs/branch-heads/3945@{#614}) on port 31934
Only local connections are allowed.
Please protect ports used by ChromeDriver and related test frameworks to prevent access by malicious code.
[1578705937.237][WARNING]: Timed out connecting to Chrome, retrying...
Jan 10, 2020 8:25:39 PM org.openqa.selenium.remote.ProtocolHandshake createSession
INFO: Detected dialect: W3C
[1578705941.292][WARNING]: Timed out connecting to Chrome, retrying...
]]></system-err>
  </testcase>
  <testcase name="loginTest" classname="com.crm.qa.testcases.LoginPageTest" time="3.841"/>
</testsuite>