<?xml version="1.0" encoding="UTF-8"?>
<testng-results skipped="0" failed="0" ignored="0" total="13" passed="13">
  <reporter-output>
  </reporter-output>
  <suite name="Surefire suite" duration-ms="194798" started-at="2020-01-03T07:04:29Z" finished-at="2020-01-03T07:07:44Z">
    <groups>
    </groups>
    <test name="Surefire test" duration-ms="194798" started-at="2020-01-03T07:04:29Z" finished-at="2020-01-03T07:07:44Z">
      <class name="com.crm.qa.testcases.HomePageTest">
        <test-method status="PASS" signature="setUp()[pri:0, instance:com.crm.qa.testcases.HomePageTest@1caeb3e]" name="setUp" is-config="true" duration-ms="13480" started-at="2020-01-03T07:06:20Z" finished-at="2020-01-03T07:06:34Z">
          <reporter-output>
          </reporter-output>
        </test-method> <!-- setUp -->
        <test-method status="PASS" signature="clickOnContactsLinkTest()[pri:0, instance:com.crm.qa.testcases.HomePageTest@1caeb3e]" name="clickOnContactsLinkTest" duration-ms="1520" started-at="2020-01-03T07:06:34Z" finished-at="2020-01-03T07:06:35Z">
          <reporter-output>
          </reporter-output>
        </test-method> <!-- clickOnContactsLinkTest -->
        <test-method status="PASS" signature="tearDown(org.testng.ITestResult)[pri:0, instance:com.crm.qa.testcases.HomePageTest@1caeb3e]" name="tearDown" is-config="true" duration-ms="773" started-at="2020-01-03T07:06:35Z" finished-at="2020-01-03T07:06:36Z">
          <params>
            <param index="0">
              <value>
                <![CDATA[[TestResult name=clickOnContactsLinkTest status=SUCCESS method=HomePageTest.clickOnContactsLinkTest()[pri:0, instance:com.crm.qa.testcases.HomePageTest@1caeb3e] output={null}]]]>
              </value>
            </param>
          </params>
          <reporter-output>
          </reporter-output>
        </test-method> <!-- tearDown -->
        <test-method status="PASS" signature="setUp()[pri:0, instance:com.crm.qa.testcases.HomePageTest@1caeb3e]" name="setUp" is-config="true" duration-ms="14830" started-at="2020-01-03T07:06:36Z" finished-at="2020-01-03T07:06:51Z">
          <reporter-output>
          </reporter-output>
        </test-method> <!-- setUp -->
        <test-method status="PASS" signature="clickOnDealsLinkTest()[pri:0, instance:com.crm.qa.testcases.HomePageTest@1caeb3e]" name="clickOnDealsLinkTest" duration-ms="1926" started-at="2020-01-03T07:06:51Z" finished-at="2020-01-03T07:06:53Z">
          <reporter-output>
          </reporter-output>
        </test-method> <!-- clickOnDealsLinkTest -->
        <test-method status="PASS" signature="tearDown(org.testng.ITestResult)[pri:0, instance:com.crm.qa.testcases.HomePageTest@1caeb3e]" name="tearDown" is-config="true" duration-ms="836" started-at="2020-01-03T07:06:53Z" finished-at="2020-01-03T07:06:54Z">
          <params>
            <param index="0">
              <value>
                <![CDATA[[TestResult name=clickOnDealsLinkTest status=SUCCESS method=HomePageTest.clickOnDealsLinkTest()[pri:0, instance:com.crm.qa.testcases.HomePageTest@1caeb3e] output={null}]]]>
              </value>
            </param>
          </params>
          <reporter-output>
          </reporter-output>
        </test-method> <!-- tearDown -->
        <test-method status="PASS" signature="setUp()[pri:0, instance:com.crm.qa.testcases.HomePageTest@1caeb3e]" name="setUp" is-config="true" duration-ms="13202" started-at="2020-01-03T07:06:54Z" finished-at="2020-01-03T07:07:07Z">
          <reporter-output>
          </reporter-output>
        </test-method> <!-- setUp -->
        <test-method status="PASS" signature="userNameLabelTest()[pri:0, instance:com.crm.qa.testcases.HomePageTest@1caeb3e]" name="userNameLabelTest" duration-ms="884" started-at="2020-01-03T07:07:07Z" finished-at="2020-01-03T07:07:08Z">
          <reporter-output>
          </reporter-output>
        </test-method> <!-- userNameLabelTest -->
        <test-method status="PASS" signature="tearDown(org.testng.ITestResult)[pri:0, instance:com.crm.qa.testcases.HomePageTest@1caeb3e]" name="tearDown" is-config="true" duration-ms="732" started-at="2020-01-03T07:07:08Z" finished-at="2020-01-03T07:07:08Z">
          <params>
            <param index="0">
              <value>
                <![CDATA[[TestResult name=userNameLabelTest status=SUCCESS method=HomePageTest.userNameLabelTest()[pri:0, instance:com.crm.qa.testcases.HomePageTest@1caeb3e] output={null}]]]>
              </value>
            </param>
          </params>
          <reporter-output>
          </reporter-output>
        </test-method> <!-- tearDown -->
      </class> <!-- com.crm.qa.testcases.HomePageTest -->
      <class name="com.crm.qa.testcases.ContactsPageTest">
        <test-method status="PASS" signature="setUp()[pri:0, instance:com.crm.qa.testcases.ContactsPageTest@a3ffec]" name="setUp" is-config="true" duration-ms="14346" started-at="2020-01-03T07:04:30Z" finished-at="2020-01-03T07:04:44Z">
          <reporter-output>
          </reporter-output>
        </test-method> <!-- setUp -->
        <test-method status="PASS" signature="createNewContactTest(java.lang.String, java.lang.String, java.lang.String)[pri:0, instance:com.crm.qa.testcases.ContactsPageTest@a3ffec]" name="createNewContactTest" duration-ms="1902" started-at="2020-01-03T07:04:44Z" data-provider="readTestData" finished-at="2020-01-03T07:04:46Z">
          <params>
            <param index="0">
              <value>
                <![CDATA[David]]>
              </value>
            </param>
            <param index="1">
              <value>
                <![CDATA[Brown]]>
              </value>
            </param>
            <param index="2">
              <value>
                <![CDATA[Amazon]]>
              </value>
            </param>
          </params>
          <reporter-output>
          </reporter-output>
        </test-method> <!-- createNewContactTest -->
        <test-method status="PASS" signature="tearDown(org.testng.ITestResult)[pri:0, instance:com.crm.qa.testcases.ContactsPageTest@a3ffec]" name="tearDown" is-config="true" duration-ms="688" started-at="2020-01-03T07:04:46Z" finished-at="2020-01-03T07:04:47Z">
          <params>
            <param index="0">
              <value>
                <![CDATA[[TestResult name=createNewContactTest status=SUCCESS method=ContactsPageTest.createNewContactTest(java.lang.String, java.lang.String, java.lang.String)[pri:0, instance:com.crm.qa.testcases.ContactsPageTest@a3ffec] output={null}]]]>
              </value>
            </param>
          </params>
          <reporter-output>
          </reporter-output>
        </test-method> <!-- tearDown -->
        <test-method status="PASS" signature="setUp()[pri:0, instance:com.crm.qa.testcases.ContactsPageTest@a3ffec]" name="setUp" is-config="true" duration-ms="13810" started-at="2020-01-03T07:04:47Z" finished-at="2020-01-03T07:05:00Z">
          <reporter-output>
          </reporter-output>
        </test-method> <!-- setUp -->
        <test-method status="PASS" signature="createNewContactTest(java.lang.String, java.lang.String, java.lang.String)[pri:0, instance:com.crm.qa.testcases.ContactsPageTest@a3ffec]" name="createNewContactTest" duration-ms="2148" started-at="2020-01-03T07:05:00Z" data-provider="readTestData" finished-at="2020-01-03T07:05:03Z">
          <params>
            <param index="0">
              <value>
                <![CDATA[Abram]]>
              </value>
            </param>
            <param index="1">
              <value>
                <![CDATA[Black]]>
              </value>
            </param>
            <param index="2">
              <value>
                <![CDATA[Facebook]]>
              </value>
            </param>
          </params>
          <reporter-output>
          </reporter-output>
        </test-method> <!-- createNewContactTest -->
        <test-method status="PASS" signature="tearDown(org.testng.ITestResult)[pri:0, instance:com.crm.qa.testcases.ContactsPageTest@a3ffec]" name="tearDown" is-config="true" duration-ms="690" started-at="2020-01-03T07:05:03Z" finished-at="2020-01-03T07:05:03Z">
          <params>
            <param index="0">
              <value>
                <![CDATA[[TestResult name=createNewContactTest status=SUCCESS method=ContactsPageTest.createNewContactTest(java.lang.String, java.lang.String, java.lang.String)[pri:0, instance:com.crm.qa.testcases.ContactsPageTest@a3ffec] output={null}]]]>
              </value>
            </param>
          </params>
          <reporter-output>
          </reporter-output>
        </test-method> <!-- tearDown -->
        <test-method status="PASS" signature="setUp()[pri:0, instance:com.crm.qa.testcases.ContactsPageTest@a3ffec]" name="setUp" is-config="true" duration-ms="13474" started-at="2020-01-03T07:05:03Z" finished-at="2020-01-03T07:05:17Z">
          <reporter-output>
          </reporter-output>
        </test-method> <!-- setUp -->
        <test-method status="PASS" signature="createNewContactTest(java.lang.String, java.lang.String, java.lang.String)[pri:0, instance:com.crm.qa.testcases.ContactsPageTest@a3ffec]" name="createNewContactTest" duration-ms="2072" started-at="2020-01-03T07:05:17Z" data-provider="readTestData" finished-at="2020-01-03T07:05:19Z">
          <params>
            <param index="0">
              <value>
                <![CDATA[Bill]]>
              </value>
            </param>
            <param index="1">
              <value>
                <![CDATA[Gates]]>
              </value>
            </param>
            <param index="2">
              <value>
                <![CDATA[Micrsoft]]>
              </value>
            </param>
          </params>
          <reporter-output>
          </reporter-output>
        </test-method> <!-- createNewContactTest -->
        <test-method status="PASS" signature="tearDown(org.testng.ITestResult)[pri:0, instance:com.crm.qa.testcases.ContactsPageTest@a3ffec]" name="tearDown" is-config="true" duration-ms="686" started-at="2020-01-03T07:05:19Z" finished-at="2020-01-03T07:05:19Z">
          <params>
            <param index="0">
              <value>
                <![CDATA[[TestResult name=createNewContactTest status=SUCCESS method=ContactsPageTest.createNewContactTest(java.lang.String, java.lang.String, java.lang.String)[pri:0, instance:com.crm.qa.testcases.ContactsPageTest@a3ffec] output={null}]]]>
              </value>
            </param>
          </params>
          <reporter-output>
          </reporter-output>
        </test-method> <!-- tearDown -->
        <test-method status="PASS" signature="setUp()[pri:0, instance:com.crm.qa.testcases.ContactsPageTest@a3ffec]" name="setUp" is-config="true" duration-ms="13196" started-at="2020-01-03T07:05:19Z" finished-at="2020-01-03T07:05:33Z">
          <reporter-output>
          </reporter-output>
        </test-method> <!-- setUp -->
        <test-method status="PASS" signature="createNewContactTest(java.lang.String, java.lang.String, java.lang.String)[pri:0, instance:com.crm.qa.testcases.ContactsPageTest@a3ffec]" name="createNewContactTest" duration-ms="2083" started-at="2020-01-03T07:05:33Z" data-provider="readTestData" finished-at="2020-01-03T07:05:35Z">
          <params>
            <param index="0">
              <value>
                <![CDATA[Michael]]>
              </value>
            </param>
            <param index="1">
              <value>
                <![CDATA[Ponting]]>
              </value>
            </param>
            <param index="2">
              <value>
                <![CDATA[GE]]>
              </value>
            </param>
          </params>
          <reporter-output>
          </reporter-output>
        </test-method> <!-- createNewContactTest -->
        <test-method status="PASS" signature="tearDown(org.testng.ITestResult)[pri:0, instance:com.crm.qa.testcases.ContactsPageTest@a3ffec]" name="tearDown" is-config="true" duration-ms="677" started-at="2020-01-03T07:05:35Z" finished-at="2020-01-03T07:05:35Z">
          <params>
            <param index="0">
              <value>
                <![CDATA[[TestResult name=createNewContactTest status=SUCCESS method=ContactsPageTest.createNewContactTest(java.lang.String, java.lang.String, java.lang.String)[pri:0, instance:com.crm.qa.testcases.ContactsPageTest@a3ffec] output={null}]]]>
              </value>
            </param>
          </params>
          <reporter-output>
          </reporter-output>
        </test-method> <!-- tearDown -->
        <test-method status="PASS" signature="setUp()[pri:0, instance:com.crm.qa.testcases.ContactsPageTest@a3ffec]" name="setUp" is-config="true" duration-ms="13844" started-at="2020-01-03T07:05:35Z" finished-at="2020-01-03T07:05:49Z">
          <reporter-output>
          </reporter-output>
        </test-method> <!-- setUp -->
        <test-method status="PASS" signature="validateExportButtonTest()[pri:0, instance:com.crm.qa.testcases.ContactsPageTest@a3ffec]" name="validateExportButtonTest" duration-ms="71" started-at="2020-01-03T07:05:49Z" finished-at="2020-01-03T07:05:49Z">
          <reporter-output>
          </reporter-output>
        </test-method> <!-- validateExportButtonTest -->
        <test-method status="PASS" signature="tearDown(org.testng.ITestResult)[pri:0, instance:com.crm.qa.testcases.ContactsPageTest@a3ffec]" name="tearDown" is-config="true" duration-ms="1338" started-at="2020-01-03T07:05:49Z" finished-at="2020-01-03T07:05:51Z">
          <params>
            <param index="0">
              <value>
                <![CDATA[[TestResult name=validateExportButtonTest status=SUCCESS method=ContactsPageTest.validateExportButtonTest()[pri:0, instance:com.crm.qa.testcases.ContactsPageTest@a3ffec] output={null}]]]>
              </value>
            </param>
          </params>
          <reporter-output>
          </reporter-output>
        </test-method> <!-- tearDown -->
        <test-method status="PASS" signature="setUp()[pri:0, instance:com.crm.qa.testcases.ContactsPageTest@a3ffec]" name="setUp" is-config="true" duration-ms="14895" started-at="2020-01-03T07:05:51Z" finished-at="2020-01-03T07:06:06Z">
          <reporter-output>
          </reporter-output>
        </test-method> <!-- setUp -->
        <test-method status="PASS" signature="validateNewButtonTest()[pri:0, instance:com.crm.qa.testcases.ContactsPageTest@a3ffec]" name="validateNewButtonTest" duration-ms="70" started-at="2020-01-03T07:06:06Z" finished-at="2020-01-03T07:06:06Z">
          <reporter-output>
          </reporter-output>
        </test-method> <!-- validateNewButtonTest -->
        <test-method status="PASS" signature="tearDown(org.testng.ITestResult)[pri:0, instance:com.crm.qa.testcases.ContactsPageTest@a3ffec]" name="tearDown" is-config="true" duration-ms="732" started-at="2020-01-03T07:06:06Z" finished-at="2020-01-03T07:06:06Z">
          <params>
            <param index="0">
              <value>
                <![CDATA[[TestResult name=validateNewButtonTest status=SUCCESS method=ContactsPageTest.validateNewButtonTest()[pri:0, instance:com.crm.qa.testcases.ContactsPageTest@a3ffec] output={null}]]]>
              </value>
            </param>
          </params>
          <reporter-output>
          </reporter-output>
        </test-method> <!-- tearDown -->
        <test-method status="PASS" signature="setUp()[pri:0, instance:com.crm.qa.testcases.ContactsPageTest@a3ffec]" name="setUp" is-config="true" duration-ms="13158" started-at="2020-01-03T07:06:06Z" finished-at="2020-01-03T07:06:19Z">
          <reporter-output>
          </reporter-output>
        </test-method> <!-- setUp -->
        <test-method status="PASS" signature="validateShowFiltersButtonTest()[pri:0, instance:com.crm.qa.testcases.ContactsPageTest@a3ffec]" name="validateShowFiltersButtonTest" duration-ms="80" started-at="2020-01-03T07:06:19Z" finished-at="2020-01-03T07:06:20Z">
          <reporter-output>
          </reporter-output>
        </test-method> <!-- validateShowFiltersButtonTest -->
        <test-method status="PASS" signature="tearDown(org.testng.ITestResult)[pri:0, instance:com.crm.qa.testcases.ContactsPageTest@a3ffec]" name="tearDown" is-config="true" duration-ms="678" started-at="2020-01-03T07:06:20Z" finished-at="2020-01-03T07:06:20Z">
          <params>
            <param index="0">
              <value>
                <![CDATA[[TestResult name=validateShowFiltersButtonTest status=SUCCESS method=ContactsPageTest.validateShowFiltersButtonTest()[pri:0, instance:com.crm.qa.testcases.ContactsPageTest@a3ffec] output={null}]]]>
              </value>
            </param>
          </params>
          <reporter-output>
          </reporter-output>
        </test-method> <!-- tearDown -->
      </class> <!-- com.crm.qa.testcases.ContactsPageTest -->
      <class name="com.crm.qa.testcases.LoginPageTest">
        <test-method status="PASS" signature="setUp()[pri:0, instance:com.crm.qa.testcases.LoginPageTest@1e88b3c]" name="setUp" is-config="true" duration-ms="10552" started-at="2020-01-03T07:07:08Z" finished-at="2020-01-03T07:07:19Z">
          <reporter-output>
          </reporter-output>
        </test-method> <!-- setUp -->
        <test-method status="PASS" signature="crmLogoImageTest()[pri:0, instance:com.crm.qa.testcases.LoginPageTest@1e88b3c]" name="crmLogoImageTest" duration-ms="41" started-at="2020-01-03T07:07:19Z" finished-at="2020-01-03T07:07:19Z">
          <reporter-output>
          </reporter-output>
        </test-method> <!-- crmLogoImageTest -->
        <test-method status="PASS" signature="tearDown(org.testng.ITestResult)[pri:0, instance:com.crm.qa.testcases.LoginPageTest@1e88b3c]" name="tearDown" is-config="true" duration-ms="627" started-at="2020-01-03T07:07:19Z" finished-at="2020-01-03T07:07:20Z">
          <params>
            <param index="0">
              <value>
                <![CDATA[[TestResult name=crmLogoImageTest status=SUCCESS method=LoginPageTest.crmLogoImageTest()[pri:0, instance:com.crm.qa.testcases.LoginPageTest@1e88b3c] output={null}]]]>
              </value>
            </param>
          </params>
          <reporter-output>
          </reporter-output>
        </test-method> <!-- tearDown -->
        <test-method status="PASS" signature="setUp()[pri:0, instance:com.crm.qa.testcases.LoginPageTest@1e88b3c]" name="setUp" is-config="true" duration-ms="10509" started-at="2020-01-03T07:07:20Z" finished-at="2020-01-03T07:07:30Z">
          <reporter-output>
          </reporter-output>
        </test-method> <!-- setUp -->
        <test-method status="PASS" signature="loginPageTitleTest()[pri:0, instance:com.crm.qa.testcases.LoginPageTest@1e88b3c]" name="loginPageTitleTest" duration-ms="6" started-at="2020-01-03T07:07:30Z" finished-at="2020-01-03T07:07:30Z">
          <reporter-output>
          </reporter-output>
        </test-method> <!-- loginPageTitleTest -->
        <test-method status="PASS" signature="tearDown(org.testng.ITestResult)[pri:0, instance:com.crm.qa.testcases.LoginPageTest@1e88b3c]" name="tearDown" is-config="true" duration-ms="639" started-at="2020-01-03T07:07:30Z" finished-at="2020-01-03T07:07:31Z">
          <params>
            <param index="0">
              <value>
                <![CDATA[[TestResult name=loginPageTitleTest status=SUCCESS method=LoginPageTest.loginPageTitleTest()[pri:0, instance:com.crm.qa.testcases.LoginPageTest@1e88b3c] output={null}]]]>
              </value>
            </param>
          </params>
          <reporter-output>
          </reporter-output>
        </test-method> <!-- tearDown -->
        <test-method status="PASS" signature="setUp()[pri:0, instance:com.crm.qa.testcases.LoginPageTest@1e88b3c]" name="setUp" is-config="true" duration-ms="10613" started-at="2020-01-03T07:07:31Z" finished-at="2020-01-03T07:07:41Z">
          <reporter-output>
          </reporter-output>
        </test-method> <!-- setUp -->
        <test-method status="PASS" signature="loginTest()[pri:0, instance:com.crm.qa.testcases.LoginPageTest@1e88b3c]" name="loginTest" duration-ms="1569" started-at="2020-01-03T07:07:41Z" finished-at="2020-01-03T07:07:43Z">
          <reporter-output>
          </reporter-output>
        </test-method> <!-- loginTest -->
        <test-method status="PASS" signature="tearDown(org.testng.ITestResult)[pri:0, instance:com.crm.qa.testcases.LoginPageTest@1e88b3c]" name="tearDown" is-config="true" duration-ms="917" started-at="2020-01-03T07:07:43Z" finished-at="2020-01-03T07:07:44Z">
          <params>
            <param index="0">
              <value>
                <![CDATA[[TestResult name=loginTest status=SUCCESS method=LoginPageTest.loginTest()[pri:0, instance:com.crm.qa.testcases.LoginPageTest@1e88b3c] output={null}]]]>
              </value>
            </param>
          </params>
          <reporter-output>
          </reporter-output>
        </test-method> <!-- tearDown -->
      </class> <!-- com.crm.qa.testcases.LoginPageTest -->
    </test> <!-- Surefire test -->
  </suite> <!-- Surefire suite -->
</testng-results>
