<?xml version="1.0" encoding="UTF-8"?>
<!-- Generated by org.testng.reporters.JUnitReportReporter -->
<testsuite skipped="6" hostname="DESKTOP-5N4OCH5" name="com.crm.qa.extentreportlistener.ExtentReportListener" tests="7" failures="0" timestamp="02 Jan 2020 04:54:01 GMT" time="0.000" errors="1">
  <testcase name="testCase2" time="0.000" classname="com.crm.qa.extentreportlistener.ExtentReportListener">
    <skipped/>
  </testcase> <!-- testCase2 -->
  <testcase name="startReport" time="0.000" classname="com.crm.qa.extentreportlistener.ExtentReportListener">
    <error type="org.testng.TestNGException" message="
Parameter &#039;OS&#039; is required by BeforeTest on method startReport but has not been marked @Optional or defined
in C:\Users\vikra\AppData\Local\Temp\testng-eclipse-549678270\testng-customsuite.xml">
      <![CDATA[org.testng.TestNGException: 
Parameter 'OS' is required by BeforeTest on method startReport but has not been marked @Optional or defined
in C:\Users\vikra\AppData\Local\Temp\testng-eclipse-549678270\testng-customsuite.xml
at org.testng.internal.Parameters.createParams(Parameters.java:290)
at org.testng.internal.Parameters.createParametersForMethod(Parameters.java:359)
at org.testng.internal.Parameters.createParameters(Parameters.java:620)
at org.testng.internal.Parameters.createConfigurationParameters(Parameters.java:190)
at org.testng.internal.Invoker.invokeConfigurations(Invoker.java:209)
at org.testng.internal.Invoker.invokeConfigurations(Invoker.java:142)
at org.testng.TestRunner.beforeRun(TestRunner.java:529)
at org.testng.TestRunner.run(TestRunner.java:497)
at org.testng.SuiteRunner.runTest(SuiteRunner.java:455)
at org.testng.SuiteRunner.runSequentially(SuiteRunner.java:450)
at org.testng.SuiteRunner.privateRun(SuiteRunner.java:415)
at org.testng.SuiteRunner.run(SuiteRunner.java:364)
at org.testng.SuiteRunnerWorker.runSuite(SuiteRunnerWorker.java:52)
at org.testng.SuiteRunnerWorker.run(SuiteRunnerWorker.java:84)
at org.testng.TestNG.runSuitesSequentially(TestNG.java:1208)
at org.testng.TestNG.runSuitesLocally(TestNG.java:1137)
at org.testng.TestNG.runSuites(TestNG.java:1049)
at org.testng.TestNG.run(TestNG.java:1017)
at org.testng.remote.AbstractRemoteTestNG.run(AbstractRemoteTestNG.java:114)
at org.testng.remote.RemoteTestNG.initAndRun(RemoteTestNG.java:251)
at org.testng.remote.RemoteTestNG.main(RemoteTestNG.java:77)
]]>
    </error>
  </testcase> <!-- startReport -->
  <testcase name="testCase4" time="0.000" classname="com.crm.qa.extentreportlistener.ExtentReportListener">
    <skipped/>
  </testcase> <!-- testCase4 -->
  <testcase name="testCase5" time="0.000" classname="com.crm.qa.extentreportlistener.ExtentReportListener">
    <skipped/>
  </testcase> <!-- testCase5 -->
  <testcase name="testCase1" time="0.000" classname="com.crm.qa.extentreportlistener.ExtentReportListener">
    <skipped/>
  </testcase> <!-- testCase1 -->
  <testcase name="testCase3" time="0.000" classname="com.crm.qa.extentreportlistener.ExtentReportListener">
    <skipped/>
  </testcase> <!-- testCase3 -->
  <testcase name="testCase6" classname="com.crm.qa.extentreportlistener.ExtentReportListener">
    <skipped/>
  </testcase> <!-- testCase6 -->
</testsuite> <!-- com.crm.qa.extentreportlistener.ExtentReportListener -->
